2025-05-02 23:13:49,623 - INFO - ==== Automation Execution Started ====
2025-05-02 23:14:12,914 - INFO - Tatkal booking completed.
2025-05-02 23:14:17,398 - ERROR - Failed to send email: (534, b'5.7.9 Application-specific password required. For more information, go to\n5.7.9  https://support.google.com/mail/?p=InvalidSecondFactor d9443c01a7336-22e150eb212sm10654605ad.38 - gsmtp')
2025-05-02 23:14:21,519 - WARNING - Retrying (Retry(total=2, connect=None, read=None, redirect=None, status=None)) after connection broken by 'NewConnectionError('<urllib3.connection.HTTPConnection object at 0x000001C95A438CB0>: Failed to establish a new connection: [WinError 10061] No connection could be made because the target machine actively refused it')': /session/b60adea3cbcfbd1848130c3d6303a128
2025-05-02 23:14:25,566 - WARNING - Retrying (Retry(total=1, connect=None, read=None, redirect=None, status=None)) after connection broken by 'NewConnectionError('<urllib3.connection.HTTPConnection object at 0x000001C95A438DA0>: Failed to establish a new connection: [WinError 10061] No connection could be made because the target machine actively refused it')': /session/b60adea3cbcfbd1848130c3d6303a128
2025-05-02 23:14:29,636 - WARNING - Retrying (Retry(total=0, connect=None, read=None, redirect=None, status=None)) after connection broken by 'NewConnectionError('<urllib3.connection.HTTPConnection object at 0x000001C95A438F50>: Failed to establish a new connection: [WinError 10061] No connection could be made because the target machine actively refused it')': /session/b60adea3cbcfbd1848130c3d6303a128
2025-05-02 23:14:37,794 - INFO - ==== Automation Execution Finished ====
2025-05-02 23:15:37,831 - INFO - ==== Automation Execution Started ====
2025-05-02 23:15:59,456 - INFO - Tatkal booking completed.
2025-05-02 23:16:05,111 - ERROR - Failed to send email: (534, b'5.7.9 Application-specific password required. For more information, go to\n5.7.9  https://support.google.com/mail/?p=InvalidSecondFactor d9443c01a7336-22e150eae40sm10669325ad.31 - gsmtp')
2025-05-02 23:16:09,198 - WARNING - Retrying (Retry(total=2, connect=None, read=None, redirect=None, status=None)) after connection broken by 'NewConnectionError('<urllib3.connection.HTTPConnection object at 0x000001C95A43A660>: Failed to establish a new connection: [WinError 10061] No connection could be made because the target machine actively refused it')': /session/43a36627fe23edd0f010387f51bec7ed
2025-05-02 23:16:17,355 - WARNING - Retrying (Retry(total=1, connect=None, read=None, redirect=None, status=None)) after connection broken by 'NewConnectionError('<urllib3.connection.HTTPConnection object at 0x000001C95A43A7E0>: Failed to establish a new connection: [WinError 10061] No connection could be made because the target machine actively refused it')': /session/43a36627fe23edd0f010387f51bec7ed
2025-05-02 23:16:21,422 - WARNING - Retrying (Retry(total=0, connect=None, read=None, redirect=None, status=None)) after connection broken by 'NewConnectionError('<urllib3.connection.HTTPConnection object at 0x000001C95A2B6A80>: Failed to establish a new connection: [WinError 10061] No connection could be made because the target machine actively refused it')': /session/43a36627fe23edd0f010387f51bec7ed
2025-05-02 23:16:29,582 - INFO - ==== Automation Execution Finished ====
2025-05-02 23:17:29,635 - INFO - ==== Automation Execution Started ====
2025-05-02 23:17:52,335 - INFO - Tatkal booking completed.
2025-05-02 23:17:58,808 - ERROR - Failed to send email: (534, b'5.7.9 Application-specific password required. For more information, go to\n5.7.9  https://support.google.com/mail/?p=InvalidSecondFactor d9443c01a7336-22e1521fd12sm10500505ad.127 - gsmtp')
2025-05-02 23:18:02,853 - WARNING - Retrying (Retry(total=2, connect=None, read=None, redirect=None, status=None)) after connection broken by 'NewConnectionError('<urllib3.connection.HTTPConnection object at 0x000001C95A438350>: Failed to establish a new connection: [WinError 10061] No connection could be made because the target machine actively refused it')': /session/8130deeb732e81e98f0c79bf06239c8c
2025-05-02 23:18:06,923 - WARNING - Retrying (Retry(total=1, connect=None, read=None, redirect=None, status=None)) after connection broken by 'NewConnectionError('<urllib3.connection.HTTPConnection object at 0x000001C95A438A70>: Failed to establish a new connection: [WinError 10061] No connection could be made because the target machine actively refused it')': /session/8130deeb732e81e98f0c79bf06239c8c
2025-05-02 23:18:10,979 - WARNING - Retrying (Retry(total=0, connect=None, read=None, redirect=None, status=None)) after connection broken by 'NewConnectionError('<urllib3.connection.HTTPConnection object at 0x000001C95A43AA50>: Failed to establish a new connection: [WinError 10061] No connection could be made because the target machine actively refused it')': /session/8130deeb732e81e98f0c79bf06239c8c
2025-05-02 23:18:19,128 - INFO - ==== Automation Execution Finished ====
2025-05-02 23:20:06,757 - INFO - ==== Automation Execution Started ====
2025-05-02 23:20:28,226 - INFO - Tatkal booking completed.
2025-05-02 23:20:32,123 - ERROR - \u274c Failed to send email: (534, b'5.7.9 Application-specific password required. For more information, go to\n5.7.9  https://support.google.com/mail/?p=InvalidSecondFactor 98e67ed59e1d1-30a47476814sm3345104a91.17 - gsmtp')
2025-05-02 23:20:36,205 - WARNING - Retrying (Retry(total=2, connect=None, read=None, redirect=None, status=None)) after connection broken by 'NewConnectionError('<urllib3.connection.HTTPConnection object at 0x000002176013CB90>: Failed to establish a new connection: [WinError 10061] No connection could be made because the target machine actively refused it')': /session/fda4b1917d18a423bb1498804a863be9
2025-05-02 23:20:40,315 - WARNING - Retrying (Retry(total=1, connect=None, read=None, redirect=None, status=None)) after connection broken by 'NewConnectionError('<urllib3.connection.HTTPConnection object at 0x000002176013CC80>: Failed to establish a new connection: [WinError 10061] No connection could be made because the target machine actively refused it')': /session/fda4b1917d18a423bb1498804a863be9
2025-05-02 23:20:44,392 - WARNING - Retrying (Retry(total=0, connect=None, read=None, redirect=None, status=None)) after connection broken by 'NewConnectionError('<urllib3.connection.HTTPConnection object at 0x000002176013CE00>: Failed to establish a new connection: [WinError 10061] No connection could be made because the target machine actively refused it')': /session/fda4b1917d18a423bb1498804a863be9
2025-05-02 23:20:52,556 - INFO - ==== Automation Execution Finished ====
2025-05-02 23:21:52,607 - INFO - ==== Automation Execution Started ====
2025-05-02 23:22:11,843 - INFO - Tatkal booking completed.
2025-05-02 23:22:16,537 - ERROR - \u274c Failed to send email: (534, b'5.7.9 Application-specific password required. For more information, go to\n5.7.9  https://support.google.com/mail/?p=InvalidSecondFactor 41be03b00d2f7-b1fb3920069sm1085507a12.9 - gsmtp')
2025-05-02 23:22:20,641 - WARNING - Retrying (Retry(total=2, connect=None, read=None, redirect=None, status=None)) after connection broken by 'NewConnectionError('<urllib3.connection.HTTPConnection object at 0x000002176013E390>: Failed to establish a new connection: [WinError 10061] No connection could be made because the target machine actively refused it')': /session/879e475036b4f5e618254232f163f9fe
2025-05-02 23:22:28,867 - WARNING - Retrying (Retry(total=1, connect=None, read=None, redirect=None, status=None)) after connection broken by 'NewConnectionError('<urllib3.connection.HTTPConnection object at 0x000002176013E630>: Failed to establish a new connection: [WinError 10061] No connection could be made because the target machine actively refused it')': /session/879e475036b4f5e618254232f163f9fe
2025-05-02 23:22:32,923 - WARNING - Retrying (Retry(total=0, connect=None, read=None, redirect=None, status=None)) after connection broken by 'NewConnectionError('<urllib3.connection.HTTPConnection object at 0x000002175FD12C00>: Failed to establish a new connection: [WinError 10061] No connection could be made because the target machine actively refused it')': /session/879e475036b4f5e618254232f163f9fe
2025-05-02 23:22:41,125 - INFO - ==== Automation Execution Finished ====
2025-05-02 23:23:41,165 - INFO - ==== Automation Execution Started ====
2025-05-02 23:24:00,588 - INFO - Tatkal booking completed.
2025-05-02 23:24:04,661 - ERROR - \u274c Failed to send email: (534, b'5.7.9 Application-specific password required. For more information, go to\n5.7.9  https://support.google.com/mail/?p=InvalidSecondFactor 98e67ed59e1d1-30a4762672bsm3297343a91.32 - gsmtp')
2025-05-02 23:24:08,720 - WARNING - Retrying (Retry(total=2, connect=None, read=None, redirect=None, status=None)) after connection broken by 'NewConnectionError('<urllib3.connection.HTTPConnection object at 0x000002176013C710>: Failed to establish a new connection: [WinError 10061] No connection could be made because the target machine actively refused it')': /session/d40ddbf5126995f350572becef2cf920
2025-05-02 23:24:12,820 - WARNING - Retrying (Retry(total=1, connect=None, read=None, redirect=None, status=None)) after connection broken by 'NewConnectionError('<urllib3.connection.HTTPConnection object at 0x000002176013C8C0>: Failed to establish a new connection: [WinError 10061] No connection could be made because the target machine actively refused it')': /session/d40ddbf5126995f350572becef2cf920
2025-05-02 23:24:16,897 - WARNING - Retrying (Retry(total=0, connect=None, read=None, redirect=None, status=None)) after connection broken by 'NewConnectionError('<urllib3.connection.HTTPConnection object at 0x000002176013E8A0>: Failed to establish a new connection: [WinError 10061] No connection could be made because the target machine actively refused it')': /session/d40ddbf5126995f350572becef2cf920
2025-05-02 23:24:25,037 - INFO - ==== Automation Execution Finished ====
2025-05-02 23:25:25,074 - INFO - ==== Automation Execution Started ====
2025-05-02 23:25:47,536 - INFO - Tatkal booking completed.
2025-05-02 23:25:51,572 - ERROR - \u274c Failed to send email: (534, b'5.7.9 Application-specific password required. For more information, go to\n5.7.9  https://support.google.com/mail/?p=InvalidSecondFactor 98e67ed59e1d1-30a34778329sm6042669a91.28 - gsmtp')
2025-05-02 23:25:55,634 - WARNING - Retrying (Retry(total=2, connect=None, read=None, redirect=None, status=None)) after connection broken by 'NewConnectionError('<urllib3.connection.HTTPConnection object at 0x000002176013FA10>: Failed to establish a new connection: [WinError 10061] No connection could be made because the target machine actively refused it')': /session/31ec9919cee08232d1f4212c5c342c18
2025-05-02 23:26:03,805 - WARNING - Retrying (Retry(total=1, connect=None, read=None, redirect=None, status=None)) after connection broken by 'NewConnectionError('<urllib3.connection.HTTPConnection object at 0x000002176013FB90>: Failed to establish a new connection: [WinError 10061] No connection could be made because the target machine actively refused it')': /session/31ec9919cee08232d1f4212c5c342c18
2025-05-02 23:26:07,881 - WARNING - Retrying (Retry(total=0, connect=None, read=None, redirect=None, status=None)) after connection broken by 'NewConnectionError('<urllib3.connection.HTTPConnection object at 0x0000021760107E90>: Failed to establish a new connection: [WinError 10061] No connection could be made because the target machine actively refused it')': /session/31ec9919cee08232d1f4212c5c342c18
2025-05-02 23:26:16,012 - INFO - ==== Automation Execution Finished ====
2025-05-02 23:27:16,054 - INFO - ==== Automation Execution Started ====
2025-05-02 23:27:39,413 - INFO - Tatkal booking completed.
2025-05-02 23:27:45,411 - ERROR - \u274c Failed to send email: (534, b'5.7.9 Application-specific password required. For more information, go to\n5.7.9  https://support.google.com/mail/?p=InvalidSecondFactor 98e67ed59e1d1-30a3471eee2sm6075375a91.2 - gsmtp')
2025-05-02 23:27:49,495 - WARNING - Retrying (Retry(total=2, connect=None, read=None, redirect=None, status=None)) after connection broken by 'NewConnectionError('<urllib3.connection.HTTPConnection object at 0x000002176013E7E0>: Failed to establish a new connection: [WinError 10061] No connection could be made because the target machine actively refused it')': /session/03f5ba2c3b694525bb8cc036d5d5cc85
2025-05-02 23:27:53,596 - WARNING - Retrying (Retry(total=1, connect=None, read=None, redirect=None, status=None)) after connection broken by 'NewConnectionError('<urllib3.connection.HTTPConnection object at 0x000002176013C770>: Failed to establish a new connection: [WinError 10061] No connection could be made because the target machine actively refused it')': /session/03f5ba2c3b694525bb8cc036d5d5cc85
2025-05-02 23:27:57,687 - WARNING - Retrying (Retry(total=0, connect=None, read=None, redirect=None, status=None)) after connection broken by 'NewConnectionError('<urllib3.connection.HTTPConnection object at 0x000002176013D9D0>: Failed to establish a new connection: [WinError 10061] No connection could be made because the target machine actively refused it')': /session/03f5ba2c3b694525bb8cc036d5d5cc85
2025-05-02 23:28:05,836 - INFO - ==== Automation Execution Finished ====
2025-05-02 23:29:05,910 - INFO - ==== Automation Execution Started ====
2025-05-02 23:29:27,978 - INFO - Tatkal booking completed.
2025-05-02 23:29:33,387 - ERROR - \u274c Failed to send email: (534, b'5.7.9 Application-specific password required. For more information, go to\n5.7.9  https://support.google.com/mail/?p=InvalidSecondFactor d2e1a72fcca58-74059021e13sm1889998b3a.89 - gsmtp')
2025-05-02 23:29:37,478 - WARNING - Retrying (Retry(total=2, connect=None, read=None, redirect=None, status=None)) after connection broken by 'NewConnectionError('<urllib3.connection.HTTPConnection object at 0x0000021760178380>: Failed to establish a new connection: [WinError 10061] No connection could be made because the target machine actively refused it')': /session/3da2f3c81d5788ac7b882e4646f21886
2025-05-02 23:29:41,559 - WARNING - Retrying (Retry(total=1, connect=None, read=None, redirect=None, status=None)) after connection broken by 'NewConnectionError('<urllib3.connection.HTTPConnection object at 0x0000021760178500>: Failed to establish a new connection: [WinError 10061] No connection could be made because the target machine actively refused it')': /session/3da2f3c81d5788ac7b882e4646f21886
2025-05-02 23:29:45,632 - WARNING - Retrying (Retry(total=0, connect=None, read=None, redirect=None, status=None)) after connection broken by 'NewConnectionError('<urllib3.connection.HTTPConnection object at 0x0000021760178680>: Failed to establish a new connection: [WinError 10061] No connection could be made because the target machine actively refused it')': /session/3da2f3c81d5788ac7b882e4646f21886
2025-05-02 23:29:53,809 - INFO - ==== Automation Execution Finished ====
2025-05-02 23:30:53,862 - INFO - ==== Automation Execution Started ====
2025-05-02 23:31:15,603 - ERROR - Automation failed: Message: invalid session id: session deleted as the browser has closed the connection
from disconnected: not connected to DevTools
  (Session info: chrome=135.0.7049.115)
Stacktrace:
	GetHandleVerifier [0x00007FF77CFDEFA5+77893]
	GetHandleVerifier [0x00007FF77CFDF000+77984]
	(No symbol) [0x00007FF77CDA91BA]
	(No symbol) [0x00007FF77CD94F15]
	(No symbol) [0x00007FF77CDB9F04]
	(No symbol) [0x00007FF77CE2EACF]
	(No symbol) [0x00007FF77CE4E972]
	(No symbol) [0x00007FF77CE26F03]
	(No symbol) [0x00007FF77CDF0328]
	(No symbol) [0x00007FF77CDF1093]
	GetHandleVerifier [0x00007FF77D297B6D+2931725]
	GetHandleVerifier [0x00007FF77D292132+2908626]
	GetHandleVerifier [0x00007FF77D2B00F3+3031443]
	GetHandleVerifier [0x00007FF77CFF91EA+184970]
	GetHandleVerifier [0x00007FF77D00086F+215311]
	GetHandleVerifier [0x00007FF77CFE6EC4+110436]
	GetHandleVerifier [0x00007FF77CFE7072+110866]
	GetHandleVerifier [0x00007FF77CFCD479+5401]
	BaseThreadInitThunk [0x00007FFA37007374+20]
	RtlUserThreadStart [0x00007FFA38C9CC91+33]

2025-05-02 23:31:19,648 - WARNING - Retrying (Retry(total=2, connect=None, read=None, redirect=None, status=None)) after connection broken by 'NewConnectionError('<urllib3.connection.HTTPConnection object at 0x000002176013E780>: Failed to establish a new connection: [WinError 10061] No connection could be made because the target machine actively refused it')': /session/cdf1ee2b8d71905404f4118229859d8a
2025-05-02 23:31:23,706 - WARNING - Retrying (Retry(total=1, connect=None, read=None, redirect=None, status=None)) after connection broken by 'NewConnectionError('<urllib3.connection.HTTPConnection object at 0x000002176013CEF0>: Failed to establish a new connection: [WinError 10061] No connection could be made because the target machine actively refused it')': /session/cdf1ee2b8d71905404f4118229859d8a
2025-05-02 23:31:27,764 - WARNING - Retrying (Retry(total=0, connect=None, read=None, redirect=None, status=None)) after connection broken by 'NewConnectionError('<urllib3.connection.HTTPConnection object at 0x000002176013DFD0>: Failed to establish a new connection: [WinError 10061] No connection could be made because the target machine actively refused it')': /session/cdf1ee2b8d71905404f4118229859d8a
2025-05-02 23:31:35,924 - INFO - ==== Automation Execution Finished ====
2025-05-02 23:32:35,961 - INFO - ==== Automation Execution Started ====
2025-05-02 23:32:58,336 - INFO - Tatkal booking completed.
2025-05-02 23:33:04,615 - ERROR - \u274c Failed to send email: (534, b'5.7.9 Application-specific password required. For more information, go to\n5.7.9  https://support.google.com/mail/?p=InvalidSecondFactor d9443c01a7336-22e152327a2sm10557895ad.255 - gsmtp')
2025-05-02 23:33:08,714 - WARNING - Retrying (Retry(total=2, connect=None, read=None, redirect=None, status=None)) after connection broken by 'NewConnectionError('<urllib3.connection.HTTPConnection object at 0x000002175F199700>: Failed to establish a new connection: [WinError 10061] No connection could be made because the target machine actively refused it')': /session/e576768b3d141f3542a0c4163698c4a6
2025-05-02 23:33:12,821 - WARNING - Retrying (Retry(total=1, connect=None, read=None, redirect=None, status=None)) after connection broken by 'NewConnectionError('<urllib3.connection.HTTPConnection object at 0x0000021760107C80>: Failed to establish a new connection: [WinError 10061] No connection could be made because the target machine actively refused it')': /session/e576768b3d141f3542a0c4163698c4a6
2025-05-02 23:33:16,903 - WARNING - Retrying (Retry(total=0, connect=None, read=None, redirect=None, status=None)) after connection broken by 'NewConnectionError('<urllib3.connection.HTTPConnection object at 0x0000021760107CE0>: Failed to establish a new connection: [WinError 10061] No connection could be made because the target machine actively refused it')': /session/e576768b3d141f3542a0c4163698c4a6
2025-05-02 23:33:24,967 - INFO - ==== Automation Execution Finished ====
2025-05-02 23:34:25,007 - INFO - ==== Automation Execution Started ====
2025-05-02 23:34:32,092 - WARNING - Retrying (Retry(total=2, connect=None, read=None, redirect=None, status=None)) after connection broken by 'ConnectionResetError(10054, 'An existing connection was forcibly closed by the remote host', None, 10054, None)': /session/886c0b36aa905dedf18fd9c8bdc5c268
2025-05-02 23:34:36,157 - WARNING - Retrying (Retry(total=1, connect=None, read=None, redirect=None, status=None)) after connection broken by 'NewConnectionError('<urllib3.connection.HTTPConnection object at 0x00000217601787D0>: Failed to establish a new connection: [WinError 10061] No connection could be made because the target machine actively refused it')': /session/886c0b36aa905dedf18fd9c8bdc5c268
2025-05-02 23:34:40,206 - WARNING - Retrying (Retry(total=0, connect=None, read=None, redirect=None, status=None)) after connection broken by 'NewConnectionError('<urllib3.connection.HTTPConnection object at 0x00000217601787A0>: Failed to establish a new connection: [WinError 10061] No connection could be made because the target machine actively refused it')': /session/886c0b36aa905dedf18fd9c8bdc5c268
2025-05-02 23:35:00,410 - WARNING - Retrying (Retry(total=2, connect=None, read=None, redirect=None, status=None)) after connection broken by 'NewConnectionError('<urllib3.connection.HTTPConnection object at 0x0000021760107F20>: Failed to establish a new connection: [WinError 10061] No connection could be made because the target machine actively refused it')': /session/886c0b36aa905dedf18fd9c8bdc5c268
2025-05-02 23:35:04,478 - WARNING - Retrying (Retry(total=1, connect=None, read=None, redirect=None, status=None)) after connection broken by 'NewConnectionError('<urllib3.connection.HTTPConnection object at 0x00000217600460F0>: Failed to establish a new connection: [WinError 10061] No connection could be made because the target machine actively refused it')': /session/886c0b36aa905dedf18fd9c8bdc5c268
2025-05-02 23:35:08,539 - WARNING - Retrying (Retry(total=0, connect=None, read=None, redirect=None, status=None)) after connection broken by 'NewConnectionError('<urllib3.connection.HTTPConnection object at 0x000002175F1A8DA0>: Failed to establish a new connection: [WinError 10061] No connection could be made because the target machine actively refused it')': /session/886c0b36aa905dedf18fd9c8bdc5c268
2025-05-02 23:35:16,664 - INFO - ==== Automation Execution Finished ====
2025-05-03 00:02:23,054 - INFO - \U0001f686 Automation started
2025-05-03 00:03:42,498 - ERROR - \u274c Booking failed: HTTPSConnectionPool(host='api.telegram.org', port=443): Max retries exceeded with url: /bot8190881950:AAFKtHfHrXgxBDOtFLJcAaapG0-OpTANesQ/sendDocument (Caused by SSLError(SSLEOFError(8, 'EOF occurred in violation of protocol (_ssl.c:2427)')))
2025-05-03 00:03:47,249 - WARNING - Retrying (Retry(total=2, connect=None, read=None, redirect=None, status=None)) after connection broken by 'NewConnectionError('<urllib3.connection.HTTPConnection object at 0x000002677F77E360>: Failed to establish a new connection: [WinError 10061] No connection could be made because the target machine actively refused it')': /session/9f0eb080e6483eabbacf3a29db426ec4
2025-05-03 00:03:51,289 - WARNING - Retrying (Retry(total=1, connect=None, read=None, redirect=None, status=None)) after connection broken by 'NewConnectionError('<urllib3.connection.HTTPConnection object at 0x000002677F77E8A0>: Failed to establish a new connection: [WinError 10061] No connection could be made because the target machine actively refused it')': /session/9f0eb080e6483eabbacf3a29db426ec4
2025-05-03 00:03:55,330 - WARNING - Retrying (Retry(total=0, connect=None, read=None, redirect=None, status=None)) after connection broken by 'NewConnectionError('<urllib3.connection.HTTPConnection object at 0x000002677F77E720>: Failed to establish a new connection: [WinError 10061] No connection could be made because the target machine actively refused it')': /session/9f0eb080e6483eabbacf3a29db426ec4
2025-05-03 00:04:03,399 - INFO - \u2705 Automation ended
2025-05-03 00:04:22,789 - INFO - \U0001f686 Automation started
2025-05-03 00:04:57,751 - ERROR - \u274c Booking failed: HTTPSConnectionPool(host='api.telegram.org', port=443): Max retries exceeded with url: /bot8190881950:AAFKtHfHrXgxBDOtFLJcAaapG0-OpTANesQ/sendDocument (Caused by SSLError(SSLEOFError(8, 'EOF occurred in violation of protocol (_ssl.c:2427)')))
2025-05-03 00:05:02,570 - WARNING - Retrying (Retry(total=2, connect=None, read=None, redirect=None, status=None)) after connection broken by 'NewConnectionError('<urllib3.connection.HTTPConnection object at 0x0000020E8AC823C0>: Failed to establish a new connection: [WinError 10061] No connection could be made because the target machine actively refused it')': /session/a1c49f39f6b2a6a8f9b66aa0da83f09e
2025-05-03 00:05:06,605 - WARNING - Retrying (Retry(total=1, connect=None, read=None, redirect=None, status=None)) after connection broken by 'NewConnectionError('<urllib3.connection.HTTPConnection object at 0x0000020E8AC81BB0>: Failed to establish a new connection: [WinError 10061] No connection could be made because the target machine actively refused it')': /session/a1c49f39f6b2a6a8f9b66aa0da83f09e
2025-05-03 00:05:10,633 - WARNING - Retrying (Retry(total=0, connect=None, read=None, redirect=None, status=None)) after connection broken by 'NewConnectionError('<urllib3.connection.HTTPConnection object at 0x0000020E8AC82240>: Failed to establish a new connection: [WinError 10061] No connection could be made because the target machine actively refused it')': /session/a1c49f39f6b2a6a8f9b66aa0da83f09e
2025-05-03 00:05:18,709 - INFO - \u2705 Automation ended
